<?xml version="1.0" encoding="UTF-8"?>
<testng-results ignored="0" total="3" passed="3" failed="0" skipped="0">
  <reporter-output>
  </reporter-output>
  <suite started-at="2022-06-21T00:00:22 EET" name="Suite" finished-at="2022-06-21T00:00:31 EET" duration-ms="8639">
    <groups>
    </groups>
    <test started-at="2022-06-21T00:00:22 EET" name="Test" finished-at="2022-06-21T00:00:31 EET" duration-ms="8639">
      <class name="Test.Google">
        <test-method is-config="true" signature="setup()[pri:0, instance:Test.Google@693fe6c9]" started-at="2022-06-21T00:00:22 EET" name="setup" finished-at="2022-06-21T00:00:26 EET" duration-ms="3858" status="PASS">
          <reporter-output>
          </reporter-output>
        </test-method> <!-- setup -->
        <test-method signature="TestCase1()[pri:1, instance:Test.Google@693fe6c9]" started-at="2022-06-21T00:00:26 EET" name="TestCase1" finished-at="2022-06-21T00:00:29 EET" duration-ms="2547" status="PASS">
          <reporter-output>
          </reporter-output>
        </test-method> <!-- TestCase1 -->
        <test-method signature="TestCase2()[pri:2, instance:Test.Google@693fe6c9]" started-at="2022-06-21T00:00:29 EET" name="TestCase2" finished-at="2022-06-21T00:00:31 EET" duration-ms="1932" status="PASS">
          <reporter-output>
          </reporter-output>
        </test-method> <!-- TestCase2 -->
        <test-method signature="TestCase3()[pri:3, instance:Test.Google@693fe6c9]" started-at="2022-06-21T00:00:31 EET" name="TestCase3" finished-at="2022-06-21T00:00:31 EET" duration-ms="218" status="PASS">
          <reporter-output>
          </reporter-output>
        </test-method> <!-- TestCase3 -->
        <test-method is-config="true" signature="close()[pri:0, instance:Test.Google@693fe6c9]" started-at="2022-06-21T00:00:31 EET" name="close" finished-at="2022-06-21T00:00:31 EET" duration-ms="58" status="PASS">
          <reporter-output>
          </reporter-output>
        </test-method> <!-- close -->
      </class> <!-- Test.Google -->
    </test> <!-- Test -->
  </suite> <!-- Suite -->
</testng-results>
